# JRE version: OpenJDK Runtime Environment Temurin-21.0.12.1+1 (21.0.12.1+1) (build 21.0.12.1+1-LTS)
# Java VM: OpenJDK 64-Bit Server VM Temurin-21.0.12.1+1 (21.0.12.1+1-LTS, mixed mode, sharing, tiered, compressed oops, compressed class ptrs, g1 gc, windows-amd64)
GC Precious Log:
 CardTable entry size: 512
 Card Set container configuration: InlinePtr #cards 4 size 8 Array Of Cards #cards 16 size 48 Howl #buckets 8 coarsen threshold 3686 Howl Bitmap #cards 512 size 80 coarsen threshold 460 Card regions per heap region 1 cards per card region 4096
 CPUs: 12 total, 12 available
 Memory: 15774M
 Large Page Support: Disabled
 NUMA Support: Disabled
 Compressed Oops: Enabled (Zero based)
 Heap Region Size: 2M
 Heap Min Capacity: 8M
 Heap Initial Capacity: 248M
 Heap Max Capacity: 3944M
 Pre-touch: Disabled
 Parallel Workers: 10
 Concurrent Workers: 3
 Concurrent Refinement Workers: 10
 Periodic GC: Disabled
Heap:
 garbage-first heap   total 108544K, used 39005K [0x0000000709800000, 0x0000000800000000)
  region size 2048K, 7 young (14336K), 4 survivors (8192K)
 Metaspace       used 41667K, committed 43264K, reserved 1114112K
  class space    used 6114K, committed 6912K, reserved 1048576K
GC Heap History (12 events):
Event: 25.856 GC heap before
{Heap before GC invocations=0 (full 0):
 garbage-first heap   total 253952K, used 24576K [0x0000000709800000, 0x0000000800000000)
  region size 2048K, 11 young (22528K), 0 survivors (0K)
 Metaspace       used 2269K, committed 2432K, reserved 1114112K
  class space    used 252K, committed 320K, reserved 1048576K
}
Event: 25.866 GC heap after
{Heap after GC invocations=1 (full 0):
 garbage-first heap   total 253952K, used 10849K [0x0000000709800000, 0x0000000800000000)
  region size 2048K, 2 young (4096K), 2 survivors (4096K)
 Metaspace       used 2269K, committed 2432K, reserved 1114112K
  class space    used 252K, committed 320K, reserved 1048576K
}
Event: 47.482 GC heap before
{Heap before GC invocations=1 (full 0):
 garbage-first heap   total 253952K, used 35425K [0x0000000709800000, 0x0000000800000000)
  region size 2048K, 14 young (28672K), 2 survivors (4096K)
 Metaspace       used 4632K, committed 4800K, reserved 1114112K
  class space    used 597K, committed 704K, reserved 1048576K
}
Event: 47.488 GC heap after
{Heap after GC invocations=2 (full 0):
 garbage-first heap   total 253952K, used 12604K [0x0000000709800000, 0x0000000800000000)
  region size 2048K, 1 young (2048K), 1 survivors (2048K)
 Metaspace       used 4632K, committed 4800K, reserved 1114112K
  class space    used 597K, committed 704K, reserved 1048576K
}
Event: 151.576 GC heap before
{Heap before GC invocations=2 (full 0):
 garbage-first heap   total 253952K, used 137532K [0x0000000709800000, 0x0000000800000000)
  region size 2048K, 64 young (131072K), 1 survivors (2048K)
 Metaspace       used 20855K, committed 21504K, reserved 1114112K
  class space    used 2975K, committed 3264K, reserved 1048576K
}
Event: 151.789 GC heap after
{Heap after GC invocations=3 (full 0):
 garbage-first heap   total 253952K, used 24464K [0x0000000709800000, 0x0000000800000000)
  region size 2048K, 7 young (14336K), 7 survivors (14336K)
 Metaspace       used 20855K, committed 21504K, reserved 1114112K
  class space    used 2975K, committed 3264K, reserved 1048576K
}
Event: 161.516 GC heap before
{Heap before GC invocations=4 (full 0):
 garbage-first heap   total 90112K, used 85904K [0x0000000709800000, 0x0000000800000000)
  region size 2048K, 38 young (77824K), 7 survivors (14336K)
 Metaspace       used 29283K, committed 30400K, reserved 1114112K
  class space    used 4235K, committed 4800K, reserved 1048576K
}
Event: 161.530 GC heap after
{Heap after GC invocations=5 (full 0):
 garbage-first heap   total 108544K, used 28067K [0x0000000709800000, 0x0000000800000000)
  region size 2048K, 2 young (4096K), 2 survivors (4096K)
 Metaspace       used 29283K, committed 30400K, reserved 1114112K
  class space    used 4235K, committed 4800K, reserved 1048576K
}
Event: 164.303 GC heap before
{Heap before GC invocations=5 (full 0):
 garbage-first heap   total 108544K, used 69027K [0x0000000709800000, 0x0000000800000000)
  region size 2048K, 23 young (47104K), 2 survivors (4096K)
 Metaspace       used 34602K, committed 35968K, reserved 1114112K
  class space    used 4984K, committed 5696K, reserved 1048576K
}
Event: 164.310 GC heap after
{Heap after GC invocations=6 (full 0):
 garbage-first heap   total 108544K, used 30663K [0x0000000709800000, 0x0000000800000000)
  region size 2048K, 3 young (6144K), 3 survivors (6144K)
 Metaspace       used 34602K, committed 35968K, reserved 1114112K
  class space    used 4984K, committed 5696K, reserved 1048576K
}
Event: 164.549 GC heap before
{Heap before GC invocations=6 (full 0):
 garbage-first heap   total 108544K, used 32711K [0x0000000709800000, 0x0000000800000000)
  region size 2048K, 5 young (10240K), 3 survivors (6144K)
 Metaspace       used 34908K, committed 36288K, reserved 1114112K
  class space    used 5023K, committed 5696K, reserved 1048576K
}
Event: 164.555 GC heap after
{Heap after GC invocations=7 (full 0):
 garbage-first heap   total 108544K, used 31281K [0x0000000709800000, 0x0000000800000000)
  region size 2048K, 2 young (4096K), 2 survivors (4096K)
 Metaspace       used 34908K, committed 36288K, reserved 1114112K
  class space    used 5023K, committed 5696K, reserved 1048576K
}

