# JRE version: OpenJDK Runtime Environment Temurin-21.0.12.1+1 (21.0.12.1+1) (build 21.0.12.1+1-LTS)
# Java VM: OpenJDK 64-Bit Server VM Temurin-21.0.12.1+1 (21.0.12.1+1-LTS, mixed mode, sharing, tiered, compressed oops, compressed class ptrs, g1 gc, windows-amd64)
GC Precious Log:
 CardTable entry size: 512
 Card Set container configuration: InlinePtr #cards 4 size 8 Array Of Cards #cards 16 size 48 Howl #buckets 8 coarsen threshold 3686 Howl Bitmap #cards 512 size 80 coarsen threshold 460 Card regions per heap region 1 cards per card region 4096
 CPUs: 12 total, 12 available
 Memory: 15774M
 Large Page Support: Disabled
 NUMA Support: Disabled
 Compressed Oops: Enabled (Zero based)
 Heap Region Size: 2M
 Heap Min Capacity: 8M
 Heap Initial Capacity: 248M
 Heap Max Capacity: 3944M
 Pre-touch: Disabled
 Parallel Workers: 10
 Concurrent Workers: 3
 Concurrent Refinement Workers: 10
 Periodic GC: Disabled
Heap:
 garbage-first heap   total 108544K, used 81341K [0x0000000709800000, 0x0000000800000000)
  region size 2048K, 17 young (34816K), 3 survivors (6144K)
 Metaspace       used 60951K, committed 63296K, reserved 1114112K
  class space    used 9073K, committed 10240K, reserved 1048576K
GC Heap History (20 events):
Event: 17.890 GC heap before
{Heap before GC invocations=5 (full 0):
 garbage-first heap   total 108544K, used 66987K [0x0000000709800000, 0x0000000800000000)
  region size 2048K, 22 young (45056K), 2 survivors (4096K)
 Metaspace       used 34604K, committed 35968K, reserved 1114112K
  class space    used 4995K, committed 5696K, reserved 1048576K
}
Event: 17.896 GC heap after
{Heap after GC invocations=6 (full 0):
 garbage-first heap   total 108544K, used 31136K [0x0000000709800000, 0x0000000800000000)
  region size 2048K, 3 young (6144K), 3 survivors (6144K)
 Metaspace       used 34604K, committed 35968K, reserved 1114112K
  class space    used 4995K, committed 5696K, reserved 1048576K
}
Event: 18.044 GC heap before
{Heap before GC invocations=6 (full 0):
 garbage-first heap   total 108544K, used 33184K [0x0000000709800000, 0x0000000800000000)
  region size 2048K, 5 young (10240K), 3 survivors (6144K)
 Metaspace       used 34974K, committed 36288K, reserved 1114112K
  class space    used 5028K, committed 5696K, reserved 1048576K
}
Event: 18.049 GC heap after
{Heap after GC invocations=7 (full 0):
 garbage-first heap   total 108544K, used 31787K [0x0000000709800000, 0x0000000800000000)
  region size 2048K, 2 young (4096K), 2 survivors (4096K)
 Metaspace       used 34974K, committed 36288K, reserved 1114112K
  class space    used 5028K, committed 5696K, reserved 1048576K
}
Event: 28.399 GC heap before
{Heap before GC invocations=8 (full 0):
 garbage-first heap   total 108544K, used 82987K [0x0000000709800000, 0x0000000800000000)
  region size 2048K, 27 young (55296K), 2 survivors (4096K)
 Metaspace       used 41309K, committed 42944K, reserved 1114112K
  class space    used 6061K, committed 6848K, reserved 1048576K
}
Event: 28.405 GC heap after
{Heap after GC invocations=9 (full 0):
 garbage-first heap   total 108544K, used 35285K [0x0000000709800000, 0x0000000800000000)
  region size 2048K, 4 young (8192K), 4 survivors (8192K)
 Metaspace       used 41309K, committed 42944K, reserved 1114112K
  class space    used 6061K, committed 6848K, reserved 1048576K
}
Event: 33.828 GC heap before
{Heap before GC invocations=9 (full 0):
 garbage-first heap   total 108544K, used 84437K [0x0000000709800000, 0x0000000800000000)
  region size 2048K, 29 young (59392K), 4 survivors (8192K)
 Metaspace       used 46681K, committed 48576K, reserved 1114112K
  class space    used 6969K, committed 7872K, reserved 1048576K
}
Event: 33.837 GC heap after
{Heap after GC invocations=10 (full 0):
 garbage-first heap   total 108544K, used 36501K [0x0000000709800000, 0x0000000800000000)
  region size 2048K, 4 young (8192K), 4 survivors (8192K)
 Metaspace       used 46681K, committed 48576K, reserved 1114112K
  class space    used 6969K, committed 7872K, reserved 1048576K
}
Event: 36.531 GC heap before
{Heap before GC invocations=10 (full 0):
 garbage-first heap   total 108544K, used 87701K [0x0000000709800000, 0x0000000800000000)
  region size 2048K, 29 young (59392K), 4 survivors (8192K)
 Metaspace       used 51177K, committed 53312K, reserved 1114112K
  class space    used 7658K, committed 8704K, reserved 1048576K
}
Event: 36.539 GC heap after
{Heap after GC invocations=11 (full 0):
 garbage-first heap   total 108544K, used 39149K [0x0000000709800000, 0x0000000800000000)
  region size 2048K, 3 young (6144K), 3 survivors (6144K)
 Metaspace       used 51177K, committed 53312K, reserved 1114112K
  class space    used 7658K, committed 8704K, reserved 1048576K
}
Event: 41.232 GC heap before
{Heap before GC invocations=11 (full 0):
 garbage-first heap   total 108544K, used 90349K [0x0000000709800000, 0x0000000800000000)
  region size 2048K, 28 young (57344K), 3 survivors (6144K)
 Metaspace       used 54485K, committed 56704K, reserved 1114112K
  class space    used 8191K, committed 9280K, reserved 1048576K
}
Event: 41.244 GC heap after
{Heap after GC invocations=12 (full 0):
 garbage-first heap   total 108544K, used 45527K [0x0000000709800000, 0x0000000800000000)
  region size 2048K, 4 young (8192K), 4 survivors (8192K)
 Metaspace       used 54485K, committed 56704K, reserved 1114112K
  class space    used 8191K, committed 9280K, reserved 1048576K
}
Event: 42.625 GC heap before
{Heap before GC invocations=12 (full 0):
 garbage-first heap   total 108544K, used 90583K [0x0000000709800000, 0x0000000800000000)
  region size 2048K, 26 young (53248K), 4 survivors (8192K)
 Metaspace       used 57165K, committed 59392K, reserved 1114112K
  class space    used 8626K, committed 9728K, reserved 1048576K
}
Event: 42.634 GC heap after
{Heap after GC invocations=13 (full 0):
 garbage-first heap   total 108544K, used 50127K [0x0000000709800000, 0x0000000800000000)
  region size 2048K, 3 young (6144K), 3 survivors (6144K)
 Metaspace       used 57165K, committed 59392K, reserved 1114112K
  class space    used 8626K, committed 9728K, reserved 1048576K
}
Event: 1258.221 GC heap before
{Heap before GC invocations=13 (full 0):
 garbage-first heap   total 108544K, used 89039K [0x0000000709800000, 0x0000000800000000)
  region size 2048K, 23 young (47104K), 3 survivors (6144K)
 Metaspace       used 58382K, committed 60608K, reserved 1114112K
  class space    used 8762K, committed 9856K, reserved 1048576K
}
Event: 1258.239 GC heap after
{Heap after GC invocations=14 (full 0):
 garbage-first heap   total 108544K, used 51212K [0x0000000709800000, 0x0000000800000000)
  region size 2048K, 1 young (2048K), 1 survivors (2048K)
 Metaspace       used 58382K, committed 60608K, reserved 1114112K
  class space    used 8762K, committed 9856K, reserved 1048576K
}
Event: 1813.287 GC heap before
{Heap before GC invocations=14 (full 0):
 garbage-first heap   total 108544K, used 79884K [0x0000000709800000, 0x0000000800000000)
  region size 2048K, 16 young (32768K), 1 survivors (2048K)
 Metaspace       used 58566K, committed 60800K, reserved 1114112K
  class space    used 8773K, committed 9856K, reserved 1048576K
}
Event: 1813.307 GC heap after
{Heap after GC invocations=15 (full 0):
 garbage-first heap   total 108544K, used 51427K [0x0000000709800000, 0x0000000800000000)
  region size 2048K, 1 young (2048K), 1 survivors (2048K)
 Metaspace       used 58566K, committed 60800K, reserved 1114112K
  class space    used 8773K, committed 9856K, reserved 1048576K
}
Event: 1842.706 GC heap before
{Heap before GC invocations=16 (full 0):
 garbage-first heap   total 108544K, used 94435K [0x0000000709800000, 0x0000000800000000)
  region size 2048K, 23 young (47104K), 1 survivors (2048K)
 Metaspace       used 60597K, committed 62912K, reserved 1114112K
  class space    used 9069K, committed 10240K, reserved 1048576K
}
Event: 1842.733 GC heap after
{Heap after GC invocations=17 (full 0):
 garbage-first heap   total 108544K, used 54717K [0x0000000709800000, 0x0000000800000000)
  region size 2048K, 3 young (6144K), 3 survivors (6144K)
 Metaspace       used 60597K, committed 62912K, reserved 1114112K
  class space    used 9069K, committed 10240K, reserved 1048576K
}

