# JRE version: OpenJDK Runtime Environment Temurin-21.0.12.1+1 (21.0.12.1+1) (build 21.0.12.1+1-LTS)
# Java VM: OpenJDK 64-Bit Server VM Temurin-21.0.12.1+1 (21.0.12.1+1-LTS, mixed mode, sharing, tiered, compressed oops, compressed class ptrs, g1 gc, windows-amd64)
GC Precious Log:
 CardTable entry size: 512
 Card Set container configuration: InlinePtr #cards 4 size 8 Array Of Cards #cards 16 size 48 Howl #buckets 8 coarsen threshold 3686 Howl Bitmap #cards 512 size 80 coarsen threshold 460 Card regions per heap region 1 cards per card region 4096
 CPUs: 12 total, 12 available
 Memory: 15774M
 Large Page Support: Disabled
 NUMA Support: Disabled
 Compressed Oops: Enabled (Zero based)
 Heap Region Size: 2M
 Heap Min Capacity: 8M
 Heap Initial Capacity: 248M
 Heap Max Capacity: 3944M
 Pre-touch: Disabled
 Parallel Workers: 10
 Concurrent Workers: 3
 Concurrent Refinement Workers: 10
 Periodic GC: Disabled
Heap:
 garbage-first heap   total 108544K, used 47572K [0x0000000709800000, 0x0000000800000000)
  region size 2048K, 8 young (16384K), 4 survivors (8192K)
 Metaspace       used 53407K, committed 55488K, reserved 1114112K
  class space    used 7975K, committed 9024K, reserved 1048576K
GC Heap History (18 events):
Event: 28.814 GC heap before
{Heap before GC invocations=0 (full 0):
 garbage-first heap   total 253952K, used 24576K [0x0000000709800000, 0x0000000800000000)
  region size 2048K, 11 young (22528K), 0 survivors (0K)
 Metaspace       used 2254K, committed 2432K, reserved 1114112K
  class space    used 251K, committed 320K, reserved 1048576K
}
Event: 28.823 GC heap after
{Heap after GC invocations=1 (full 0):
 garbage-first heap   total 253952K, used 11533K [0x0000000709800000, 0x0000000800000000)
  region size 2048K, 2 young (4096K), 2 survivors (4096K)
 Metaspace       used 2254K, committed 2432K, reserved 1114112K
  class space    used 251K, committed 320K, reserved 1048576K
}
Event: 47.889 GC heap before
{Heap before GC invocations=1 (full 0):
 garbage-first heap   total 253952K, used 36109K [0x0000000709800000, 0x0000000800000000)
  region size 2048K, 14 young (28672K), 2 survivors (4096K)
 Metaspace       used 4636K, committed 4800K, reserved 1114112K
  class space    used 597K, committed 704K, reserved 1048576K
}
Event: 47.895 GC heap after
{Heap after GC invocations=2 (full 0):
 garbage-first heap   total 253952K, used 12808K [0x0000000709800000, 0x0000000800000000)
  region size 2048K, 1 young (2048K), 1 survivors (2048K)
 Metaspace       used 4636K, committed 4800K, reserved 1114112K
  class space    used 597K, committed 704K, reserved 1048576K
}
Event: 134.691 GC heap before
{Heap before GC invocations=2 (full 0):
 garbage-first heap   total 253952K, used 135688K [0x0000000709800000, 0x0000000800000000)
  region size 2048K, 63 young (129024K), 1 survivors (2048K)
 Metaspace       used 20804K, committed 21504K, reserved 1114112K
  class space    used 2975K, committed 3328K, reserved 1048576K
}
Event: 134.707 GC heap after
{Heap after GC invocations=3 (full 0):
 garbage-first heap   total 253952K, used 24451K [0x0000000709800000, 0x0000000800000000)
  region size 2048K, 7 young (14336K), 7 survivors (14336K)
 Metaspace       used 20804K, committed 21504K, reserved 1114112K
  class space    used 2975K, committed 3328K, reserved 1048576K
}
Event: 141.855 GC heap before
{Heap before GC invocations=4 (full 0):
 garbage-first heap   total 90112K, used 85891K [0x0000000709800000, 0x0000000800000000)
  region size 2048K, 38 young (77824K), 7 survivors (14336K)
 Metaspace       used 29304K, committed 30400K, reserved 1114112K
  class space    used 4233K, committed 4736K, reserved 1048576K
}
Event: 141.867 GC heap after
{Heap after GC invocations=5 (full 0):
 garbage-first heap   total 108544K, used 28454K [0x0000000709800000, 0x0000000800000000)
  region size 2048K, 2 young (4096K), 2 survivors (4096K)
 Metaspace       used 29304K, committed 30400K, reserved 1114112K
  class space    used 4233K, committed 4736K, reserved 1048576K
}
Event: 145.617 GC heap before
{Heap before GC invocations=5 (full 0):
 garbage-first heap   total 108544K, used 67366K [0x0000000709800000, 0x0000000800000000)
  region size 2048K, 22 young (45056K), 2 survivors (4096K)
 Metaspace       used 34545K, committed 35968K, reserved 1114112K
  class space    used 4969K, committed 5696K, reserved 1048576K
}
Event: 145.624 GC heap after
{Heap after GC invocations=6 (full 0):
 garbage-first heap   total 108544K, used 31211K [0x0000000709800000, 0x0000000800000000)
  region size 2048K, 3 young (6144K), 3 survivors (6144K)
 Metaspace       used 34545K, committed 35968K, reserved 1114112K
  class space    used 4969K, committed 5696K, reserved 1048576K
}
Event: 145.887 GC heap before
{Heap before GC invocations=6 (full 0):
 garbage-first heap   total 108544K, used 33259K [0x0000000709800000, 0x0000000800000000)
  region size 2048K, 5 young (10240K), 3 survivors (6144K)
 Metaspace       used 34928K, committed 36288K, reserved 1114112K
  class space    used 5023K, committed 5696K, reserved 1048576K
}
Event: 145.892 GC heap after
{Heap after GC invocations=7 (full 0):
 garbage-first heap   total 108544K, used 32026K [0x0000000709800000, 0x0000000800000000)
  region size 2048K, 2 young (4096K), 2 survivors (4096K)
 Metaspace       used 34928K, committed 36288K, reserved 1114112K
  class space    used 5023K, committed 5696K, reserved 1048576K
}
Event: 155.067 GC heap before
{Heap before GC invocations=8 (full 0):
 garbage-first heap   total 108544K, used 81178K [0x0000000709800000, 0x0000000800000000)
  region size 2048K, 26 young (53248K), 2 survivors (4096K)
 Metaspace       used 41121K, committed 42752K, reserved 1114112K
  class space    used 6023K, committed 6784K, reserved 1048576K
}
Event: 155.077 GC heap after
{Heap after GC invocations=9 (full 0):
 garbage-first heap   total 108544K, used 35551K [0x0000000709800000, 0x0000000800000000)
  region size 2048K, 4 young (8192K), 4 survivors (8192K)
 Metaspace       used 41121K, committed 42752K, reserved 1114112K
  class space    used 6023K, committed 6784K, reserved 1048576K
}
Event: 166.320 GC heap before
{Heap before GC invocations=9 (full 0):
 garbage-first heap   total 108544K, used 84703K [0x0000000709800000, 0x0000000800000000)
  region size 2048K, 28 young (57344K), 4 survivors (8192K)
 Metaspace       used 46088K, committed 47936K, reserved 1114112K
  class space    used 6859K, committed 7744K, reserved 1048576K
}
Event: 166.329 GC heap after
{Heap after GC invocations=10 (full 0):
 garbage-first heap   total 108544K, used 36735K [0x0000000709800000, 0x0000000800000000)
  region size 2048K, 4 young (8192K), 4 survivors (8192K)
 Metaspace       used 46088K, committed 47936K, reserved 1114112K
  class space    used 6859K, committed 7744K, reserved 1048576K
}
Event: 251.920 GC heap before
{Heap before GC invocations=10 (full 0):
 garbage-first heap   total 108544K, used 87935K [0x0000000709800000, 0x0000000800000000)
  region size 2048K, 29 young (59392K), 4 survivors (8192K)
 Metaspace       used 49281K, committed 51136K, reserved 1114112K
  class space    used 7297K, committed 8192K, reserved 1048576K
}
Event: 251.947 GC heap after
{Heap after GC invocations=11 (full 0):
 garbage-first heap   total 108544K, used 38672K [0x0000000709800000, 0x0000000800000000)
  region size 2048K, 3 young (6144K), 3 survivors (6144K)
 Metaspace       used 49281K, committed 51136K, reserved 1114112K
  class space    used 7297K, committed 8192K, reserved 1048576K
}

